<?xml version="1.0" encoding="UTF-8"?>
<testsuite xmlns:xsi="http://www.w3.org/2001/XMLSchema-instance" xsi:schemaLocation="https://maven.apache.org/surefire/maven-surefire-plugin/xsd/surefire-test-report.xsd" name="TestSuite" time="157.898" tests="1" errors="0" skipped="0" failures="1">
  <properties>
    <property name="java.runtime.name" value="Java(TM) SE Runtime Environment"/>
    <property name="sun.boot.library.path" value="C:\Program Files\Java\jre1.8.0_131\bin"/>
    <property name="java.vm.version" value="25.131-b11"/>
    <property name="java.vm.vendor" value="Oracle Corporation"/>
    <property name="maven.multiModuleProjectDirectory" value="C:\workspace\CNET_IncidentAutomation"/>
    <property name="java.vendor.url" value="http://java.oracle.com/"/>
    <property name="path.separator" value=";"/>
    <property name="guice.disable.misplaced.annotation.check" value="true"/>
    <property name="java.vm.name" value="Java HotSpot(TM) 64-Bit Server VM"/>
    <property name="file.encoding.pkg" value="sun.io"/>
    <property name="user.script" value=""/>
    <property name="user.country" value="US"/>
    <property name="sun.java.launcher" value="SUN_STANDARD"/>
    <property name="sun.os.patch.level" value=""/>
    <property name="java.vm.specification.name" value="Java Virtual Machine Specification"/>
    <property name="user.dir" value="C:\workspace\CNET_IncidentAutomation"/>
    <property name="java.runtime.version" value="1.8.0_131-b11"/>
    <property name="java.awt.graphicsenv" value="sun.awt.Win32GraphicsEnvironment"/>
    <property name="java.endorsed.dirs" value="C:\Program Files\Java\jre1.8.0_131\lib\endorsed"/>
    <property name="os.arch" value="amd64"/>
    <property name="java.io.tmpdir" value="C:\Users\Maneesh\AppData\Local\Temp\"/>
    <property name="line.separator" value="&#10;"/>
    <property name="java.vm.specification.vendor" value="Oracle Corporation"/>
    <property name="user.variant" value=""/>
    <property name="os.name" value="Windows 10"/>
    <property name="classworlds.conf" value="C:\workspace\.metadata\.plugins\org.eclipse.m2e.launching\launches\m2conf6743299342472187735.tmp"/>
    <property name="sun.jnu.encoding" value="Cp1252"/>
    <property name="java.library.path" value="C:\Program Files\Java\jre1.8.0_131\bin;C:\WINDOWS\Sun\Java\bin;C:\WINDOWS\system32;C:\WINDOWS;C:/Program Files/Java/jre1.8.0_131/bin/server;C:/Program Files/Java/jre1.8.0_131/bin;C:/Program Files/Java/jre1.8.0_131/lib/amd64;C:\ProgramData\Oracle\Java\javapath;C:\WINDOWS\system32;C:\WINDOWS;C:\WINDOWS\System32\Wbem;C:\WINDOWS\System32\WindowsPowerShell\v1.0\;C:\Program Files\Git\cmd;C:\Program Files (x86)\Skype\Phone\;C:\Program Files\apache-maven-3.5.2\bin;C:\WINDOWS\System32\OpenSSH\;C:\Program Files\PuTTY\;C:\Users\Maneesh\AppData\Local\Microsoft\WindowsApps;;C:\WINDOWS\system32;;."/>
    <property name="java.specification.name" value="Java Platform API Specification"/>
    <property name="java.class.version" value="52.0"/>
    <property name="sun.management.compiler" value="HotSpot 64-Bit Tiered Compilers"/>
    <property name="os.version" value="10.0"/>
    <property name="user.home" value="C:\Users\Maneesh"/>
    <property name="user.timezone" value="Asia/Calcutta"/>
    <property name="java.awt.printerjob" value="sun.awt.windows.WPrinterJob"/>
    <property name="java.specification.version" value="1.8"/>
    <property name="file.encoding" value="Cp1252"/>
    <property name="user.name" value="Maneesh"/>
    <property name="java.class.path" value="C:\Users\Maneesh\.p2\pool\plugins\org.eclipse.m2e.maven.runtime_1.8.2.20171007-0216\jars\plexus-classworlds-2.5.2.jar"/>
    <property name="java.vm.specification.version" value="1.8"/>
    <property name="sun.arch.data.model" value="64"/>
    <property name="java.home" value="C:\Program Files\Java\jre1.8.0_131"/>
    <property name="sun.java.command" value="org.codehaus.plexus.classworlds.launcher.Launcher -B install"/>
    <property name="java.specification.vendor" value="Oracle Corporation"/>
    <property name="user.language" value="en"/>
    <property name="awt.toolkit" value="sun.awt.windows.WToolkit"/>
    <property name="java.vm.info" value="mixed mode"/>
    <property name="java.version" value="1.8.0_131"/>
    <property name="java.ext.dirs" value="C:\Program Files\Java\jre1.8.0_131\lib\ext;C:\WINDOWS\Sun\Java\lib\ext"/>
    <property name="sun.boot.class.path" value="C:\Program Files\Java\jre1.8.0_131\lib\resources.jar;C:\Program Files\Java\jre1.8.0_131\lib\rt.jar;C:\Program Files\Java\jre1.8.0_131\lib\sunrsasign.jar;C:\Program Files\Java\jre1.8.0_131\lib\jsse.jar;C:\Program Files\Java\jre1.8.0_131\lib\jce.jar;C:\Program Files\Java\jre1.8.0_131\lib\charsets.jar;C:\Program Files\Java\jre1.8.0_131\lib\jfr.jar;C:\Program Files\Java\jre1.8.0_131\classes"/>
    <property name="java.vendor" value="Oracle Corporation"/>
    <property name="maven.home" value="C:\workspace\CNET_IncidentAutomation\EMBEDDED"/>
    <property name="file.separator" value="\"/>
    <property name="java.vendor.url.bug" value="http://bugreport.sun.com/bugreport/"/>
    <property name="sun.cpu.endian" value="little"/>
    <property name="sun.io.unicode.encoding" value="UnicodeLittle"/>
    <property name="sun.desktop" value="windows"/>
    <property name="sun.cpu.isalist" value="amd64"/>
  </properties>
  <testcase name="feature" classname="runner.RunCukes" time="154.916">
    <failure message="java.lang.AssertionError: expected [Closed] but found [Resolved]" type="cucumber.runtime.CucumberException">cucumber.runtime.CucumberException: java.lang.AssertionError: expected [Closed] but found [Resolved]
Caused by: java.lang.AssertionError: expected [Closed] but found [Resolved]
</failure>
    <system-out><![CDATA[CNET_IncidentAutomation
Chrome
https://dev71995.service-now.com/navpage.do
2018-10-28 23:54:25 INFO  Hook:59 - Chrome Browser Launched Successfully
2018-10-28 23:55:03 INFO  ReusableSteps:59 - Enter CNet INCIDENT URL in the address bar of the browser
2018-10-28 23:55:03 INFO  ReusableSteps:90 - Switch to MainFrame
2018-10-28 23:55:04 INFO  ReusableSteps:108 - Entered Username
2018-10-28 23:55:05 INFO  ReusableSteps:114 - Entered Password
Page Is loaded.
2018-10-28 23:55:06 INFO  ReusableSteps:120 - Clicked on Login Button
2018-10-28 23:55:25 INFO  IncidentManagementSteps:74 - Enter value in filter navigation
2018-10-28 23:55:26 INFO  IncidentManagementSteps:96 - Click on Create New Button
2018-10-28 23:55:26 INFO  ReusableSteps:90 - Switch to MainFrame
2018-10-28 23:55:31 INFO  IncidentManagementSteps:107 - Select Sub Category Name as :Email
2018-10-28 23:55:35 INFO  IncidentManagementSteps:155 - Select Type of impact as :1 - High
2018-10-28 23:55:38 INFO  IncidentManagementSteps:118 - Click On Caller LookUP
Started
2018-10-28 23:55:43 INFO  ReusableSteps:143 - Switch to Multiple Window and Select Text as :Bud Richman
2018-10-28 23:55:43 INFO  ReusableSteps:152 - Switch to MainFrame
2018-10-28 23:55:44 INFO  IncidentManagementSteps:164 - Select Type of urgency Name as :1 - High
2018-10-28 23:55:47 INFO  IncidentManagementSteps:132 - Click On Business Service LookUP
Started
2018-10-28 23:55:52 INFO  ReusableSteps:143 - Switch to Multiple Window and Select Text as :Blackberry
2018-10-28 23:55:52 INFO  ReusableSteps:152 - Switch to MainFrame
2018-10-28 23:55:57 INFO  IncidentManagementSteps:144 - Click On Configuration Item LookUP
Started
2018-10-28 23:56:02 INFO  ReusableSteps:143 - Switch to Multiple Window and Select Text as :Zoom V.92 USB Modem
2018-10-28 23:56:02 INFO  ReusableSteps:152 - Switch to MainFrame
2018-10-28 23:56:05 INFO  IncidentManagementSteps:175 - Click On Assignment Group LookUP
Started
2018-10-28 23:56:10 INFO  ReusableSteps:143 - Switch to Multiple Window and Select Text as :Service Desk
2018-10-28 23:56:10 INFO  ReusableSteps:152 - Switch to MainFrame
2018-10-28 23:56:14 INFO  IncidentManagementSteps:187 - Click On Assignment TO LookUP
Started
2018-10-28 23:56:19 INFO  ReusableSteps:143 - Switch to Multiple Window and Select Text as :Beth Anglin
2018-10-28 23:56:19 INFO  ReusableSteps:152 - Switch to MainFrame
2018-10-28 23:56:20 INFO  IncidentManagementSteps:199 - Enter Short Description
2018-10-28 23:56:20 INFO  IncidentManagementSteps:209 - Click on Submit Button
2018-10-28 23:56:23 INFO  IncidentManagementSteps:220 - Verify Priority Value
2018-10-28 23:56:23 INFO  IncidentManagementSteps:227 - Verify State Value
2018-10-28 23:56:23 INFO  IncidentManagementSteps:233 - Verify AssignedGroup Value
2018-10-28 23:56:23 INFO  IncidentManagementSteps:239 - Verify AssignedTo Value
2018-10-28 23:56:24 INFO  IncidentManagementSteps:251 - Click on Recent Incident Created
2018-10-28 23:56:28 INFO  IncidentManagementSteps:262 - Verify Major incident Tab is available on screen
2018-10-28 23:56:28 INFO  IncidentManagementSteps:271 - Tap on Major incident tab button
2018-10-28 23:56:34 INFO  IncidentManagementSteps:290 - Click on Resolve Button
2018-10-28 23:56:34 INFO  IncidentManagementSteps:281 - Select Incident State as :[[ChromeDriver: chrome on XP (bea99dd879d027d603b662c130b394cd)] -> xpath: //*[@id='incident.state']]
2018-10-28 23:56:41 INFO  IncidentManagementSteps:303 - Click on Resolution Information Tab
2018-10-28 23:56:42 INFO  IncidentManagementSteps:313 - Select Resolution Code as :Solved (Work Around)
2018-10-28 23:56:43 INFO  IncidentManagementSteps:324 - Enter Resolution Note
2018-10-28 23:56:49 INFO  IncidentManagementSteps:290 - Click on Resolve Button
2018-10-28 23:56:49 INFO  IncidentManagementSteps:251 - Click on Recent Incident Created
2018-10-28 23:56:51 INFO  IncidentManagementSteps:345 - Click on Close Incident
#@@@@@@@@@#################Resolved
2018-10-28 23:56:54 INFO  Hook:79 - Chrome Browser Closed Successfully
]]></system-out>
    <system-err><![CDATA[Starting ChromeDriver 2.36.540470 (e522d04694c7ebea4ba8821272dbef4f9b818c91) on port 48673
Only local connections are allowed.
Oct 28, 2018 11:54:23 PM org.openqa.selenium.remote.ProtocolHandshake createSession
INFO: Detected dialect: OSS
SLF4J: Class path contains multiple SLF4J bindings.
SLF4J: Found binding in [jar:file:/C:/Users/Maneesh/.m2/repository/org/slf4j/slf4j-simple/1.7.12/slf4j-simple-1.7.12.jar!/org/slf4j/impl/StaticLoggerBinder.class]
SLF4J: Found binding in [jar:file:/C:/Users/Maneesh/.m2/repository/org/slf4j/slf4j-log4j12/1.7.7/slf4j-log4j12-1.7.7.jar!/org/slf4j/impl/StaticLoggerBinder.class]
SLF4J: See http://www.slf4j.org/codes.html#multiple_bindings for an explanation.
SLF4J: Actual binding is of type [org.slf4j.impl.SimpleLoggerFactory]
]]></system-err>
  </testcase>
</testsuite>